<?xml version="1.0" encoding="UTF-8"?>
<testng-results ignored="0" total="2" passed="2" failed="0" skipped="0">
  <reporter-output>
  </reporter-output>
  <suite started-at="2023-06-06T12:48:27 IST" name="OpencartSuite" finished-at="2023-06-06T12:48:48 IST" duration-ms="21250">
    <groups>
      <group name="Master">
        <method signature="TC_001_AccountRegistrationTest.test_account_Registration()[pri:0, instance:testCases.TC_001_AccountRegistrationTest@6e171cd7]" name="test_account_Registration" class="testCases.TC_001_AccountRegistrationTest"/>
        <method signature="TC_002_LoginTest.test_loginUser()[pri:0, instance:testCases.TC_002_LoginTest@441772e]" name="test_loginUser" class="testCases.TC_002_LoginTest"/>
      </group> <!-- Master -->
      <group name="Sanity">
        <method signature="TC_002_LoginTest.test_loginUser()[pri:0, instance:testCases.TC_002_LoginTest@441772e]" name="test_loginUser" class="testCases.TC_002_LoginTest"/>
      </group> <!-- Sanity -->
      <group name="Regression">
        <method signature="TC_001_AccountRegistrationTest.test_account_Registration()[pri:0, instance:testCases.TC_001_AccountRegistrationTest@6e171cd7]" name="test_account_Registration" class="testCases.TC_001_AccountRegistrationTest"/>
      </group> <!-- Regression -->
    </groups>
    <test started-at="2023-06-06T12:48:27 IST" name="OpencartTest" finished-at="2023-06-06T12:48:48 IST" duration-ms="21250">
      <class name="testCases.TC_001_AccountRegistrationTest">
        <test-method is-config="true" signature="setup(java.lang.String)[pri:0, instance:testCases.TC_001_AccountRegistrationTest@6e171cd7]" started-at="2023-06-06T12:48:28 IST" name="setup" finished-at="2023-06-06T12:48:36 IST" duration-ms="8033" status="PASS">
          <params>
            <param index="0">
              <value>
                <![CDATA[chrome]]>
              </value>
            </param>
          </params>
          <reporter-output>
          </reporter-output>
        </test-method> <!-- setup -->
        <test-method signature="test_account_Registration()[pri:0, instance:testCases.TC_001_AccountRegistrationTest@6e171cd7]" started-at="2023-06-06T12:48:36 IST" name="test_account_Registration" finished-at="2023-06-06T12:48:40 IST" duration-ms="3834" status="PASS">
          <reporter-output>
          </reporter-output>
        </test-method> <!-- test_account_Registration -->
        <test-method is-config="true" signature="tearDown()[pri:0, instance:testCases.TC_001_AccountRegistrationTest@6e171cd7]" started-at="2023-06-06T12:48:40 IST" name="tearDown" finished-at="2023-06-06T12:48:40 IST" duration-ms="1" status="PASS">
          <reporter-output>
          </reporter-output>
        </test-method> <!-- tearDown -->
      </class> <!-- testCases.TC_001_AccountRegistrationTest -->
      <class name="testCases.TC_002_LoginTest">
        <test-method is-config="true" signature="setup(java.lang.String)[pri:0, instance:testCases.TC_002_LoginTest@441772e]" started-at="2023-06-06T12:48:40 IST" name="setup" finished-at="2023-06-06T12:48:45 IST" duration-ms="4855" status="PASS">
          <params>
            <param index="0">
              <value>
                <![CDATA[chrome]]>
              </value>
            </param>
          </params>
          <reporter-output>
          </reporter-output>
        </test-method> <!-- setup -->
        <test-method signature="test_loginUser()[pri:0, instance:testCases.TC_002_LoginTest@441772e]" started-at="2023-06-06T12:48:45 IST" name="test_loginUser" finished-at="2023-06-06T12:48:48 IST" duration-ms="3618" status="PASS">
          <reporter-output>
          </reporter-output>
        </test-method> <!-- test_loginUser -->
        <test-method is-config="true" signature="tearDown()[pri:0, instance:testCases.TC_002_LoginTest@441772e]" started-at="2023-06-06T12:48:48 IST" name="tearDown" finished-at="2023-06-06T12:48:48 IST" duration-ms="0" status="PASS">
          <reporter-output>
          </reporter-output>
        </test-method> <!-- tearDown -->
      </class> <!-- testCases.TC_002_LoginTest -->
    </test> <!-- OpencartTest -->
  </suite> <!-- OpencartSuite -->
</testng-results>
